#
# There is insufficient memory for the Java Runtime Environment to continue.
# Native memory allocation (malloc) failed to allocate 32744 bytes for ChunkPool::allocate
# Possible reasons:
#   The system is out of physical RAM or swap space
#   The process is running with CompressedOops enabled, and the Java Heap may be blocking the growth of the native heap
# Possible solutions:
#   Reduce memory load on the system
#   Increase physical memory or swap space
#   Check if swap backing store is full
#   Decrease Java heap size (-Xmx/-Xms)
#   Decrease number of Java threads
#   Decrease Java thread stack sizes (-Xss)
#   Set larger code cache with -XX:ReservedCodeCacheSize=
#   JVM is running with Unscaled Compressed Oops mode in which the Java heap is
#     placed in the first 4GB address space. The Java Heap base address is the
#     maximum limit for the native heap growth. Please use -XX:HeapBaseMinAddress
#     to set the Java Heap base and to place the Java Heap above 4GB virtual address.
# This output file may be truncated or incomplete.
#
#  Out of Memory Error (allocation.cpp:272), pid=43064, tid=0x00000000000097b4
#
# JRE version: Java(TM) SE Runtime Environment (8.0_211-b12) (build 1.8.0_211-b12)
# Java VM: Java HotSpot(TM) 64-Bit Server VM (25.211-b12 mixed mode windows-amd64 compressed oops)
# Failed to write core dump. Minidumps are not enabled by default on client versions of Windows
#

---------------  T H R E A D  ---------------

Current thread (0x0000000002957800):  JavaThread "main" [_thread_in_native, id=38836, stack(0x00000000027c0000,0x00000000028c0000)]

Stack: [0x00000000027c0000,0x00000000028c0000]
[error occurred during error reporting (printing stack bounds), id 0xc0000005]

Native frames: (J=compiled Java code, j=interpreted, Vv=VM code, C=native code)

Java frames: (J=compiled Java code, j=interpreted, Vv=VM code)
j  java.io.FilePermission.newPermissionCollection()Ljava/security/PermissionCollection;+0
j  java.security.Permissions.getPermissionCollection(Ljava/security/Permission;Z)Ljava/security/PermissionCollection;+67
j  java.security.Permissions.add(Ljava/security/Permission;)V+24
j  java.net.URLClassLoader.getPermissions(Ljava/security/CodeSource;)Ljava/security/PermissionCollection;+282
j  sun.misc.Launcher$AppClassLoader.getPermissions(Ljava/security/CodeSource;)Ljava/security/PermissionCollection;+2
j  java.security.SecureClassLoader.getProtectionDomain(Ljava/security/CodeSource;)Ljava/security/ProtectionDomain;+33
j  java.security.SecureClassLoader.defineClass(Ljava/lang/String;[BIILjava/security/CodeSource;)Ljava/lang/Class;+9
j  java.net.URLClassLoader.defineClass(Ljava/lang/String;Lsun/misc/Resource;)Ljava/lang/Class;+138
j  java.net.URLClassLoader.access$100(Ljava/net/URLClassLoader;Ljava/lang/String;Lsun/misc/Resource;)Ljava/lang/Class;+3
j  java.net.URLClassLoader$1.run()Ljava/lang/Class;+43
j  java.net.URLClassLoader$1.run()Ljava/lang/Object;+1
v  ~StubRoutines::call_stub
j  java.security.AccessController.doPrivileged(Ljava/security/PrivilegedExceptionAction;Ljava/security/AccessControlContext;)Ljava/lang/Object;+0
j  java.net.URLClassLoader.findClass(Ljava/lang/String;)Ljava/lang/Class;+13
j  java.lang.ClassLoader.loadClass(Ljava/lang/String;Z)Ljava/lang/Class;+70
j  sun.misc.Launcher$AppClassLoader.loadClass(Ljava/lang/String;Z)Ljava/lang/Class;+81
j  java.lang.ClassLoader.loadClass(Ljava/lang/String;)Ljava/lang/Class;+3
j  sun.launcher.LauncherHelper.checkAndLoadMain(ZILjava/lang/String;)Ljava/lang/Class;+93
v  ~StubRoutines::call_stub

---------------  P R O C E S S  ---------------

Java Threads: ( => current thread )
  0x000000001990f000 JavaThread "Service Thread" daemon [_thread_blocked, id=39120, stack(0x000000001a2f0000,0x000000001a3f0000)]
  0x00000000198d1000 JavaThread "C1 CompilerThread3" daemon [_thread_blocked, id=39932, stack(0x000000001a1f0000,0x000000001a2f0000)]
  0x00000000198c3800 JavaThread "C2 CompilerThread2" daemon [_thread_blocked, id=37792, stack(0x000000001a0f0000,0x000000001a1f0000)]
  0x00000000198aa000 JavaThread "C2 CompilerThread1" daemon [_thread_blocked, id=42908, stack(0x0000000019ff0000,0x000000001a0f0000)]
  0x0000000019882000 JavaThread "C2 CompilerThread0" daemon [_thread_blocked, id=40956, stack(0x0000000019ef0000,0x0000000019ff0000)]
  0x0000000019880000 JavaThread "Attach Listener" daemon [_thread_blocked, id=42044, stack(0x0000000019df0000,0x0000000019ef0000)]
  0x000000001987f800 JavaThread "Signal Dispatcher" daemon [_thread_blocked, id=42536, stack(0x0000000019cf0000,0x0000000019df0000)]
  0x0000000017915800 JavaThread "Finalizer" daemon [_thread_blocked, id=38512, stack(0x0000000019bf0000,0x0000000019cf0000)]
  0x000000001790e800 JavaThread "Reference Handler" daemon [_thread_blocked, id=41052, stack(0x00000000196f0000,0x00000000197f0000)]
=>0x0000000002957800 JavaThread "main" [_thread_in_native, id=38836, stack(0x00000000027c0000,0x00000000028c0000)]

Other Threads:
  0x0000000017905800 VMThread [stack: 0x00000000195f0000,0x00000000196f0000] [id=35188]
  0x0000000019925800 WatcherThread [stack: 0x000000001a3f0000,0x000000001a4f0000] [id=42496]

VM state:not at safepoint (normal execution)

VM Mutex/Monitor currently owned by a thread: None

heap address: 0x0000000082e00000, size: 2002 MB, Compressed Oops mode: 32-bit
Narrow klass base: 0x0000000000000000, Narrow klass shift: 3
Compressed class space size: 1073741824 Address: 0x0000000100000000

Heap:
 PSYoungGen      total 37888K, used 1966K [0x00000000d6500000, 0x00000000d8f00000, 0x0000000100000000)
  eden space 32768K, 6% used [0x00000000d6500000,0x00000000d66eb980,0x00000000d8500000)
  from space 5120K, 0% used [0x00000000d8a00000,0x00000000d8a00000,0x00000000d8f00000)
  to   space 5120K, 0% used [0x00000000d8500000,0x00000000d8500000,0x00000000d8a00000)
 ParOldGen       total 86016K, used 0K [0x0000000082e00000, 0x0000000088200000, 0x00000000d6500000)
  object space 86016K, 0% used [0x0000000082e00000,0x0000000082e00000,0x0000000088200000)
 Metaspace       used 2551K, capacity 4480K, committed 4480K, reserved 1056768K
  class space    used 277K, capacity 384K, committed 384K, reserved 1048576K

Card table byte_map: [0x0000000011e10000,0x0000000012200000] byte_map_base: 0x00000000119f9000

Marking Bits: (ParMarkBitMap*) 0x0000000077d25ce0
 Begin Bits: [0x0000000012ca0000, 0x0000000014be8000)
 End Bits:   [0x0000000014be8000, 0x0000000016b30000)

Polling page: 0x00000000001f0000

CodeCache: size=245760Kb used=1161Kb max_used=1161Kb free=244598Kb
 bounds [0x0000000002a50000, 0x0000000002cc0000, 0x0000000011a50000]
 total_blobs=271 nmethods=35 adapters=149
 compilation: enabled

Compilation events (10 events):
Event: 0.307 Thread 0x00000000198d1000   26       3       java.io.WinNTFileSystem::isSlash (18 bytes)
Event: 0.308 Thread 0x00000000198d1000 nmethod 26 0x0000000002b65210 code [0x0000000002b65360, 0x0000000002b65550]
Event: 0.308 Thread 0x00000000198d1000   27  s    3       java.lang.StringBuffer::append (13 bytes)
Event: 0.308 Thread 0x00000000198d1000 nmethod 27 0x0000000002b655d0 code [0x0000000002b65780, 0x0000000002b65e98]
Event: 0.308 Thread 0x00000000198d1000   29       3       java.io.File::isInvalid (47 bytes)
Event: 0.308 Thread 0x00000000198d1000 nmethod 29 0x0000000002b66250 code [0x0000000002b663c0, 0x0000000002b667e8]
Event: 0.311 Thread 0x00000000198c3800 nmethod 30% 0x0000000002b696d0 code [0x0000000002b69820, 0x0000000002b69a18]
Event: 0.311 Thread 0x00000000198d1000   31       3       java.lang.String::<init> (82 bytes)
Event: 0.312 Thread 0x00000000198d1000 nmethod 31 0x0000000002b68d90 code [0x0000000002b68f60, 0x0000000002b69458]
Event: 0.314 Thread 0x00000000198d1000   32   !   3       java.io.WinNTFileSystem::resolve (362 bytes)

GC Heap History (0 events):
No events

Deoptimization events (1 events):
Event: 0.317 Thread 0x0000000002957800 Uncommon trap: reason=unstable_if action=reinterpret pc=0x0000000002b505e0 method=java.lang.String.hashCode()I @ 14

Classes redefined (0 events):
No events

Internal exceptions (2 events):
Event: 0.041 Thread 0x0000000002957800 Exception <a 'java/lang/NoSuchMethodError': Method sun.misc.Unsafe.defineClass(Ljava/lang/String;[BII)Ljava/lang/Class; name or signature does not match> (0x00000000d6507cb0) thrown at [C:\re\workspace\8-2-build-windows-amd64-cygwin\jdk8u211\12973\hotspot
Event: 0.042 Thread 0x0000000002957800 Exception <a 'java/lang/NoSuchMethodError': Method sun.misc.Unsafe.prefetchRead(Ljava/lang/Object;J)V name or signature does not match> (0x00000000d6507f98) thrown at [C:\re\workspace\8-2-build-windows-amd64-cygwin\jdk8u211\12973\hotspot\src\share\vm\prim

Events (10 events):
Event: 0.318 loading class java/net/URLConnection done
Event: 0.318 loading class sun/net/www/URLConnection done
Event: 0.318 loading class sun/net/www/protocol/file/FileURLConnection done
Event: 0.318 loading class sun/net/www/MessageHeader
Event: 0.318 loading class sun/net/www/MessageHeader done
Event: 0.319 loading class java/io/FilePermission
Event: 0.319 loading class java/io/FilePermission done
Event: 0.319 loading class java/io/FilePermission$1
Event: 0.319 loading class java/io/FilePermission$1 done
Event: 0.319 loading class java/io/FilePermissionCollection


Dynamic libraries:
0x00007ff6e3c60000 - 0x00007ff6e3c97000 	D:\Program Files\Java\jre1.8.0_211\bin\javaw.exe
0x00007ffc36c60000 - 0x00007ffc36e50000 	C:\Windows\SYSTEM32\ntdll.dll
0x00007ffc35640000 - 0x00007ffc356f2000 	C:\Windows\System32\KERNEL32.DLL
0x00007ffc34170000 - 0x00007ffc34414000 	C:\Windows\System32\KERNELBASE.dll
0x00007ffc35a50000 - 0x00007ffc35af3000 	C:\Windows\System32\ADVAPI32.dll
0x00007ffc35700000 - 0x00007ffc3579e000 	C:\Windows\System32\msvcrt.dll
0x00007ffc36b80000 - 0x00007ffc36c17000 	C:\Windows\System32\sechost.dll
0x00007ffc34d10000 - 0x00007ffc34e30000 	C:\Windows\System32\RPCRT4.dll
0x00007ffc35b10000 - 0x00007ffc35ca4000 	C:\Windows\System32\USER32.dll
0x00007ffc34cc0000 - 0x00007ffc34ce1000 	C:\Windows\System32\win32u.dll
0x00007ffc36b50000 - 0x00007ffc36b76000 	C:\Windows\System32\GDI32.dll
0x00007ffc33bf0000 - 0x00007ffc33d85000 	C:\Windows\System32\gdi32full.dll
0x00007ffc34420000 - 0x00007ffc344be000 	C:\Windows\System32\msvcp_win.dll
0x00007ffc33ee0000 - 0x00007ffc33fda000 	C:\Windows\System32\ucrtbase.dll
0x00007ffc319d0000 - 0x00007ffc31c54000 	C:\Windows\WinSxS\amd64_microsoft.windows.common-controls_6595b64144ccf1df_6.0.18362.900_none_e6beb9d913147d17\COMCTL32.dll
0x00007ffc36530000 - 0x00007ffc36865000 	C:\Windows\System32\combase.dll
0x00007ffc34c40000 - 0x00007ffc34cc0000 	C:\Windows\System32\bcryptPrimitives.dll
0x00007ffc358f0000 - 0x00007ffc3591e000 	C:\Windows\System32\IMM32.DLL
0x00000000505f0000 - 0x00000000506c2000 	D:\Program Files\Java\jre1.8.0_211\bin\msvcr100.dll
0x0000000077500000 - 0x0000000077da5000 	D:\Program Files\Java\jre1.8.0_211\bin\server\jvm.dll
0x00007ffc36520000 - 0x00007ffc36528000 	C:\Windows\System32\PSAPI.DLL
0x00007ffc29ae0000 - 0x00007ffc29b04000 	C:\Windows\SYSTEM32\WINMM.dll
0x00007ffc338c0000 - 0x00007ffc338ca000 	C:\Windows\SYSTEM32\VERSION.dll
0x00007ffc1aa50000 - 0x00007ffc1aa59000 	C:\Windows\SYSTEM32\WSOCK32.dll
0x00007ffc34e60000 - 0x00007ffc34ecf000 	C:\Windows\System32\WS2_32.dll
0x00007ffc29ab0000 - 0x00007ffc29add000 	C:\Windows\SYSTEM32\WINMMBASE.dll
0x00007ffc34070000 - 0x00007ffc340ba000 	C:\Windows\System32\cfgmgr32.dll
0x00007ffc2a860000 - 0x00007ffc2a86f000 	D:\Program Files\Java\jre1.8.0_211\bin\verify.dll
0x00007ffc1c7d0000 - 0x00007ffc1c7f9000 	D:\Program Files\Java\jre1.8.0_211\bin\java.dll
0x00007ffc23fe0000 - 0x00007ffc23ff6000 	D:\Program Files\Java\jre1.8.0_211\bin\zip.dll
0x00007ffc35dd0000 - 0x00007ffc364b6000 	C:\Windows\System32\SHELL32.dll
0x00007ffc35cb0000 - 0x00007ffc35d59000 	C:\Windows\System32\shcore.dll
0x00007ffc344c0000 - 0x00007ffc34c40000 	C:\Windows\System32\windows.storage.dll
0x00007ffc33b50000 - 0x00007ffc33b73000 	C:\Windows\System32\profapi.dll
0x00007ffc33b80000 - 0x00007ffc33bca000 	C:\Windows\System32\powrprof.dll
0x00007ffc33b20000 - 0x00007ffc33b30000 	C:\Windows\System32\UMPDC.dll
0x00007ffc364c0000 - 0x00007ffc36512000 	C:\Windows\System32\shlwapi.dll
0x00007ffc33b30000 - 0x00007ffc33b41000 	C:\Windows\System32\kernel.appcore.dll
0x00007ffc34cf0000 - 0x00007ffc34d07000 	C:\Windows\System32\cryptsp.dll

VM Arguments:
jvm_args: -Dfile.encoding=UTF-8 
java_command: com.eshop.VehicleCenter3Application
java_class_path (initial): E:\study_data\code\vehicleCenter_back\vehicleCenter3\target\classes;C:\Users\lenovo\.m2\repository\org\springframework\boot\spring-boot-starter-data-redis\2.2.5.RELEASE\spring-boot-starter-data-redis-2.2.5.RELEASE.jar;C:\Users\lenovo\.m2\repository\org\springframework\boot\spring-boot-starter\2.2.5.RELEASE\spring-boot-starter-2.2.5.RELEASE.jar;C:\Users\lenovo\.m2\repository\org\springframework\boot\spring-boot\2.2.5.RELEASE\spring-boot-2.2.5.RELEASE.jar;C:\Users\lenovo\.m2\repository\org\springframework\boot\spring-boot-starter-logging\2.2.5.RELEASE\spring-boot-starter-logging-2.2.5.RELEASE.jar;C:\Users\lenovo\.m2\repository\ch\qos\logback\logback-classic\1.2.3\logback-classic-1.2.3.jar;C:\Users\lenovo\.m2\repository\ch\qos\logback\logback-core\1.2.3\logback-core-1.2.3.jar;C:\Users\lenovo\.m2\repository\org\apache\logging\log4j\log4j-to-slf4j\2.12.1\log4j-to-slf4j-2.12.1.jar;C:\Users\lenovo\.m2\repository\org\apache\logging\log4j\log4j-api\2.12.1\log4j-api-2.12.1.jar;C:\Users\lenovo\.m2\repository\org\slf4j\jul-to-slf4j\1.7.30\jul-to-slf4j-1.7.30.jar;C:\Users\lenovo\.m2\repository\jakarta\annotation\jakarta.annotation-api\1.3.5\jakarta.annotation-api-1.3.5.jar;C:\Users\lenovo\.m2\repository\org\yaml\snakeyaml\1.25\snakeyaml-1.25.jar;C:\Users\lenovo\.m2\repository\org\springframework\data\spring-data-redis\2.2.5.RELEASE\spring-data-redis-2.2.5.RELEASE.jar;C:\Users\lenovo\.m2\repository\org\springframework\data\spring-data-keyvalue\2.2.5.RELEASE\spring-data-keyvalue-2.2.5.RELEASE.jar;C:\Users\lenovo\.m2\repository\org\springframework\data\spring-data-commons\2.2.5.RELEASE\spring-data-commons-2.2.5.RELEASE.jar;C:\Users\lenovo\.m2\repository\org\springframework\spring-tx\5.2.4.RELEASE\spring-tx-5.2.4.RELEASE.jar;C:\Users\lenovo\.m2\repository\org\springframework\spring-oxm\5.2.4.RELEASE\spring-oxm-5.2.4.RELEASE.jar;C:\Users\lenovo\.m2\repository\org\springframework\spring-context-support\5.2.4.RELEASE\spring-context-support-5.2.4.RELEASE.jar
Launcher Type: SUN_STANDARD

Environment Variables:
JAVA_HOME=D:\Program Files\Java\jdk1.8.0_211
CLASSPATH=.;D:\Program Files\Java\jdk1.8.0_211\lib\dt.jar;D:\Program Files\Java\jdk1.8.0_211\lib\tools.jar; 
PATH=D:/Program Files/Java/jre1.8.0_211/bin/server;D:/Program Files/Java/jre1.8.0_211/bin;D:/Program Files/Java/jre1.8.0_211/lib/amd64;C:\Program Files (x86)\Common Files\Oracle\Java\javapath;C:\Windows\system32;C:\Windows;C:\Windows\System32\Wbem;C:\Windows\System32\WindowsPowerShell\v1.0\;C:\Windows\System32\OpenSSH\;C:\Program Files (x86)\NVIDIA Corporation\PhysX\Common;C:\Program Files\NVIDIA Corporation\NVIDIA NvDLISR;D:\Program Files\Java\jdk1.8.0_211\bin;D:\Program Files\Java\jdk1.8.0_211\jre\bin;D:\Program Files\apache-tomcat-8.5.42\lib;D:\Program Files\apache-tomcat-8.5.42\bin;D:\Program Files\Git\cmd;D:\Program Files\nodejs\;D:\Program Files\nodejs\node_global;D:\Program Files\SVN\bin;C:\Program Files (x86)\Common Files\THSOFT Shared;D:\Program Files\apache-maven-3.6.3\bin;D:\Program Files\redis;C:\Users\lenovo\.windows-build-tools\python27\;C:\Users\lenovo\AppData\Local\Microsoft\WindowsApps;C:\Users\lenovo\AppData\Roaming\npm;D:\Program Files\eclipse;
USERNAME=lenovo
OS=Windows_NT
PROCESSOR_IDENTIFIER=Intel64 Family 6 Model 142 Stepping 12, GenuineIntel



---------------  S Y S T E M  ---------------

OS: Windows 10.0 , 64 bit Build 18362 (10.0.18362.900)

CPU:total 8 (initial active 8) (4 cores per cpu, 2 threads per core) family 6 model 142 stepping 12, cmov, cx8, fxsr, mmx, sse, sse2, sse3, ssse3, sse4.1, sse4.2, popcnt, avx, avx2, aes, clmul, erms, 3dnowpref, lzcnt, ht, tsc, tscinvbit, bmi1, bmi2, adx

Memory: 4k page, physical 8197876k(478172k free), swap 21305072k(1908k free)

vm_info: Java HotSpot(TM) 64-Bit Server VM (25.211-b12) for windows-amd64 JRE (1.8.0_211-b12), built on Apr  1 2019 20:53:26 by "java_re" with MS VC++ 10.0 (VS2010)

time: Wed Dec 02 21:44:10 2020
timezone: 中国标准时间
elapsed time: 0 seconds (0d 0h 0m 0s)

