JvmtiExport can_access_local_variables 0
JvmtiExport can_hotswap_or_post_breakpoint 0
JvmtiExport can_post_on_exceptions 0
# 104 ciObject found
ciMethod io/netty/util/internal/logging/LocationAwareSlf4JLogger isWarnEnabled ()Z 1 1 10240 0 -1
ciMethodData io/netty/util/internal/logging/LocationAwareSlf4JLogger isWarnEnabled ()Z 2 10240 orig 264 104 147 75 113 0 0 0 0 64 173 96 34 0 0 0 0 120 1 0 0 0 0 0 0 0 0 0 0 0 0 0 0 0 0 0 0 0 0 0 0 0 0 0 0 0 0 0 0 0 0 0 0 0 0 0 0 0 0 0 0 0 0 0 0 0 0 0 0 0 0 0 0 0 0 0 0 0 0 0 0 77 68 79 32 101 120 116 114 97 32 100 97 116 97 32 108 111 99 107 0 0 0 0 0 0 0 0 0 0 0 0 0 0 0 0 0 0 0 0 0 0 0 0 0 0 0 0 0 0 0 0 0 0 0 0 0 0 0 0 0 0 0 0 0 0 0 0 0 0 0 0 0 0 0 0 0 0 0 0 0 0 0 0 0 0 0 0 0 0 0 0 0 0 0 0 0 0 0 0 0 0 0 0 0 17 0 0 0 0 0 0 0 0 0 0 0 0 0 0 0 1 0 0 0 0 0 0 0 0 0 0 0 0 0 0 0 0 0 0 0 1 64 1 0 1 0 0 0 0 0 0 0 0 0 0 0 2 0 0 0 0 0 3 0 2 0 0 0 48 0 0 0 255 255 255 255 5 0 4 0 0 0 0 0 data 6 0x40005 0x0 0x154bbcf50 0x2801 0x0 0x0 oops 1 2 ch/qos/logback/classic/Logger
instanceKlass java/net/InetSocketAddress$1
instanceKlass sun/nio/ch/WindowsSelectorImpl$1
instanceKlass sun/nio/ch/PipeImpl$1
instanceKlass io/netty/channel/DefaultChannelPipeline$5
instanceKlass io/netty/channel/DefaultChannelPipeline$4
instanceKlass io/netty/channel/AbstractChannelHandlerContext$6
instanceKlass io/netty/handler/timeout/IdleStateEvent
instanceKlass io/netty/channel/socket/ChannelInputShutdownEvent
instanceKlass io/netty/channel/socket/ChannelInputShutdownReadComplete
instanceKlass io/netty/handler/codec/CodecOutputList$CodecOutputLists
instanceKlass io/netty/handler/codec/CodecOutputList$1
instanceKlass io/netty/handler/codec/CodecOutputList$CodecOutputListRecycler
instanceKlass io/netty/channel/DefaultChannelPipeline$6
instanceKlass io/netty/buffer/HeapByteBufUtil
instanceKlass io/netty/buffer/UnpooledByteBufAllocator$UnpooledByteBufAllocatorMetric
instanceKlass io/netty/buffer/Unpooled
instanceKlass io/netty/handler/codec/ByteToMessageDecoder$2
instanceKlass io/netty/handler/codec/ByteToMessageDecoder$1
instanceKlass io/netty/handler/codec/ByteToMessageDecoder$Cumulator
instanceKlass io/netty/handler/timeout/IdleStateHandler$AbstractIdleTask
instanceKlass io/netty/handler/timeout/IdleStateHandler$1
instanceKlass io/netty/bootstrap/ServerBootstrap$ServerBootstrapAcceptor$2
instanceKlass io/netty/util/internal/SocketUtils$5
instanceKlass org/apache/catalina/webresources/Cache$1
instanceKlass com/mysql/cj/exceptions/DeadlockTimeoutRollbackMarker
instanceKlass com/mysql/cj/jdbc/exceptions/SQLError
instanceKlass com/mysql/cj/exceptions/StreamingNotifiable
instanceKlass com/mysql/cj/jdbc/exceptions/SQLExceptionsMapping
instanceKlass java/text/FieldPosition$Delegate
instanceKlass com/mysql/cj/exceptions/ExceptionFactory
instanceKlass sun/security/ssl/Alerts
instanceKlass io/lettuce/core/protocol/ReconnectionHandler$$Lambda$803
instanceKlass java/lang/invoke/LambdaForm$MH
instanceKlass java/lang/invoke/LambdaForm$DMH
instanceKlass java/lang/invoke/LambdaForm$DMH
instanceKlass io/lettuce/core/protocol/ConnectionWatchdog$$Lambda$802
instanceKlass java/lang/invoke/LambdaForm$DMH
instanceKlass io/lettuce/core/protocol/ReconnectionHandler$$Lambda$801
instanceKlass io/lettuce/core/protocol/ReconnectionHandler$$Lambda$800
instanceKlass io/lettuce/core/protocol/ReconnectionHandler$$Lambda$799
instanceKlass io/lettuce/core/protocol/ReconnectionHandler$$Lambda$798
instanceKlass io/lettuce/core/protocol/ReconnectionHandler$$Lambda$797
instanceKlass io/lettuce/core/protocol/ReconnectionHandler$$Lambda$796
instanceKlass reactor/core/publisher/FluxPeek$PeekSubscriber
instanceKlass reactor/core/publisher/Operators$MultiSubscriptionSubscriber
instanceKlass io/lettuce/core/protocol/ReconnectionHandler$$Lambda$795
instanceKlass io/lettuce/core/protocol/ReconnectionHandler$$Lambda$794
instanceKlass io/lettuce/core/ConnectionEvents$Reconnect
instanceKlass io/lettuce/core/protocol/ConnectionWatchdog$$Lambda$793
instanceKlass io/netty/util/HashedWheelTimer$HashedWheelTimeout
instanceKlass java/lang/invoke/LambdaForm$MH
instanceKlass java/lang/invoke/LambdaForm$DMH
instanceKlass java/lang/invoke/LambdaForm$DMH
instanceKlass io/lettuce/core/protocol/ConnectionWatchdog$$Lambda$792
instanceKlass io/netty/util/TimerTask
instanceKlass java/lang/invoke/LambdaForm$DMH
instanceKlass io/lettuce/core/protocol/DefaultEndpoint$$Lambda$791
instanceKlass io/lettuce/core/protocol/DefaultEndpoint$$Lambda$790
instanceKlass io/netty/channel/AbstractChannel$AbstractUnsafe$8
instanceKlass io/netty/channel/AbstractChannel$AbstractUnsafe$7
instanceKlass ch/qos/logback/classic/spi/ClassPackagingData
instanceKlass ch/qos/logback/classic/spi/STEUtil
instanceKlass ch/qos/logback/classic/spi/PackagingDataCalculator
instanceKlass ch/qos/logback/classic/spi/StackTraceElementProxy
instanceKlass ch/qos/logback/classic/spi/ThrowableProxyUtil
instanceKlass ch/qos/logback/classic/spi/ThrowableProxy
instanceKlass io/netty/util/internal/logging/AbstractInternalLogger$1
instanceKlass io/lettuce/core/protocol/DefaultEndpoint$RetryListener$$Lambda$789
instanceKlass java/time/format/DateTimeFormatterBuilder$3
instanceKlass java/time/format/DateTimePrintContext
instanceKlass java/time/LocalTime$1
instanceKlass io/lettuce/core/ExceptionFactory
instanceKlass org/apache/catalina/Cluster
instanceKlass sun/security/ssl/SecureKey
instanceKlass org/springframework/data/redis/core/ScanOptions$1
instanceKlass io/netty/util/concurrent/DefaultPromise$1
instanceKlass com/mysql/cj/util/TimeUtil
instanceKlass com/alibaba/druid/proxy/jdbc/JdbcParameterTimestamp
instanceKlass org/springframework/transaction/support/ResourceHolderSupport
instanceKlass org/springframework/transaction/support/ResourceHolder
instanceKlass net/sf/jsqlparser/expression/operators/relational/ExpressionList
instanceKlass org/apache/ibatis/scripting/xmltags/ForEachSqlNode$FilteredDynamicContext$$Lambda$788
instanceKlass com/eshop/sys/service/impl/SysDeptServiceImpl$$Lambda$787
instanceKlass org/springframework/http/ResponseEntity$BodyBuilder
instanceKlass org/springframework/http/ResponseEntity$HeadersBuilder
instanceKlass org/apache/catalina/core/ApplicationDispatcher$State
instanceKlass org/apache/catalina/core/ApplicationMapping$MappingImpl
instanceKlass org/apache/catalina/core/ApplicationMapping$1
instanceKlass org/apache/catalina/core/ApplicationContext$DispatchData
instanceKlass java/lang/invoke/LambdaForm$MH
instanceKlass org/springframework/context/support/ResourceBundleMessageSource$MessageSourceControl$$Lambda$786
instanceKlass com/alibaba/druid/stat/JdbcStatContext
instanceKlass io/netty/channel/AbstractChannelHandlerContext$1
instanceKlass sun/nio/cs/UTF_8$1
instanceKlass io/netty/buffer/PoolArena$1
instanceKlass com/alibaba/druid/util/MySqlUtils
instanceKlass com/alibaba/druid/proxy/jdbc/JdbcParameterImpl
instanceKlass java/text/ParsePosition
instanceKlass com/fasterxml/jackson/databind/deser/std/DateDeserializers
instanceKlass com/github/pagehelper/ISelect
instanceKlass com/alibaba/druid/proxy/jdbc/JdbcParameterInt
instanceKlass net/sf/jsqlparser/statement/select/LateralSubSelect
instanceKlass net/sf/jsqlparser/statement/select/ValuesList
instanceKlass net/sf/jsqlparser/statement/select/SubJoin
instanceKlass net/sf/jsqlparser/expression/operators/relational/SupportsOldOracleJoinSyntax
instanceKlass net/sf/jsqlparser/schema/MultiPartName
instanceKlass net/sf/jsqlparser/parser/ASTNodeAccessImpl
instanceKlass net/sf/jsqlparser/statement/select/SetOperationList
instanceKlass net/sf/jsqlparser/statement/select/Select
instanceKlass net/sf/jsqlparser/parser/SimpleNode
instanceKlass net/sf/jsqlparser/parser/BaseToken
instanceKlass net/sf/jsqlparser/parser/CCJSqlParserTokenManager
instanceKlass net/sf/jsqlparser/parser/SimpleCharStream
instanceKlass net/sf/jsqlparser/parser/CCJSqlParser$JJCalls
instanceKlass net/sf/jsqlparser/parser/JJTCCJSqlParserState
instanceKlass net/sf/jsqlparser/parser/StringProvider
instanceKlass net/sf/jsqlparser/statement/select/SelectItem
instanceKlass net/sf/jsqlparser/expression/operators/relational/ItemsList
instanceKlass net/sf/jsqlparser/statement/select/Pivot
instanceKlass net/sf/jsqlparser/statement/Statement
instanceKlass net/sf/jsqlparser/parser/Node
instanceKlass net/sf/jsqlparser/statement/create/table/Index
instanceKlass net/sf/jsqlparser/parser/CCJSqlParser
instanceKlass net/sf/jsqlparser/parser/CCJSqlParserConstants
instanceKlass net/sf/jsqlparser/parser/CCJSqlParserTreeConstants
instanceKlass net/sf/jsqlparser/parser/Provider
instanceKlass net/sf/jsqlparser/parser/CCJSqlParserUtil
instanceKlass com/github/pagehelper/util/MSUtils
instanceKlass com/github/pagehelper/util/ExecutorUtil
instanceKlass org/apache/ibatis/ognl/enhance/OrderedReturn
instanceKlass java/util/concurrent/locks/ReentrantReadWriteLock$Sync$HoldCounter
instanceKlass com/eshop/common/page/MybatisPageHelper
instanceKlass com/github/pagehelper/PageSerializable
instanceKlass com/eshop/sys/service/OnlineUserService$$Lambda$785
instanceKlass io/lettuce/core/protocol/DemandAware$Sink
instanceKlass org/apache/tomcat/websocket/WsRemoteEndpointImplBase$BlockingSendHandler
instanceKlass org/apache/tomcat/websocket/server/WsRemoteEndpointImplServer$OnResultRunnable
instanceKlass sun/nio/ch/IOVecWrapper$Deallocator
instanceKlass sun/nio/ch/IOVecWrapper
instanceKlass org/apache/tomcat/util/net/SocketWrapperBase$VectoredIOCompletionHandler
instanceKlass org/apache/tomcat/websocket/server/WsRemoteEndpointImplServer$1
instanceKlass org/apache/tomcat/websocket/WsRemoteEndpointImplBase$EndMessageHandler
instanceKlass org/apache/tomcat/websocket/MessagePart
instanceKlass org/apache/tomcat/websocket/WsRemoteEndpointImplBase$TextMessageSendHandler
instanceKlass org/apache/tomcat/websocket/FutureToSendHandler
instanceKlass org/apache/tomcat/websocket/server/WsFrameServer$1
instanceKlass org/apache/tomcat/websocket/server/WsHttpUpgradeHandler$1
instanceKlass org/apache/tomcat/websocket/BackgroundProcessManager
instanceKlass org/apache/tomcat/websocket/WsSession$1
instanceKlass org/apache/tomcat/websocket/MessageHandlerResult
instanceKlass org/apache/tomcat/websocket/Util$TypeResult
instanceKlass org/apache/tomcat/websocket/pojo/PojoMessageHandlerBase
instanceKlass org/apache/tomcat/websocket/WrappedMessageHandler
instanceKlass javax/websocket/MessageHandler$Whole
instanceKlass org/apache/tomcat/websocket/WsFrameBase$TerminalTransformation
instanceKlass org/apache/tomcat/websocket/WsFrameBase
instanceKlass org/apache/tomcat/websocket/WsRemoteEndpointBase
instanceKlass javax/websocket/RemoteEndpoint$Basic
instanceKlass javax/websocket/RemoteEndpoint$Async
instanceKlass org/apache/tomcat/websocket/WsSession
instanceKlass org/apache/tomcat/websocket/WsRemoteEndpointImplBase$IntermediateMessageHandler
instanceKlass org/apache/tomcat/websocket/WsRemoteEndpointImplBase$StateMachine
instanceKlass javax/websocket/SendResult
instanceKlass javax/websocket/SendHandler
instanceKlass javax/servlet/http/WebConnection
instanceKlass org/apache/coyote/UpgradeToken
instanceKlass org/apache/tomcat/websocket/server/WsHttpUpgradeHandler
instanceKlass org/apache/coyote/http11/upgrade/InternalHttpUpgradeHandler
instanceKlass org/apache/tomcat/util/collections/CaseInsensitiveKeyMap$EntryIterator
instanceKlass org/apache/tomcat/websocket/server/WsPerSessionServerEndpointConfig
instanceKlass org/apache/tomcat/websocket/WsHandshakeResponse
instanceKlass org/apache/tomcat/util/collections/CaseInsensitiveKeyMap$Key
instanceKlass org/apache/tomcat/websocket/server/WsHandshakeRequest
instanceKlass org/apache/tomcat/util/codec/binary/StringUtils
instanceKlass org/apache/tomcat/util/codec/binary/BaseNCodec$Context
instanceKlass org/apache/tomcat/util/codec/binary/BaseNCodec
instanceKlass org/apache/tomcat/util/security/ConcurrentMessageDigest
instanceKlass java/util/zip/Deflater
instanceKlass org/apache/tomcat/websocket/PerMessageDeflate
instanceKlass org/apache/tomcat/websocket/Transformation
instanceKlass org/apache/tomcat/websocket/TransformationFactory
instanceKlass org/apache/tomcat/websocket/WsExtensionParameter
instanceKlass org/apache/tomcat/websocket/server/WsMappingResult
instanceKlass java/util/concurrent/ConcurrentSkipListMap$Iter
instanceKlass java/util/Collections$UnmodifiableList$1
instanceKlass com/fasterxml/jackson/databind/ser/std/NumberSerializer$1
instanceKlass org/springframework/security/core/userdetails/User$AuthorityComparator
instanceKlass org/springframework/security/core/userdetails/User
instanceKlass org/apache/tomcat/util/buf/HexUtils
instanceKlass org/springframework/util/StreamUtils
instanceKlass org/springframework/web/servlet/resource/HttpResource
instanceKlass org/springframework/web/servlet/mvc/LastModified
instanceKlass org/springframework/web/servlet/function/HandlerFunction
instanceKlass org/springframework/util/AntPathMatcher$AntPatternComparator$PatternInfo
instanceKlass org/springframework/util/AntPathMatcher$AntPatternComparator
instanceKlass org/springframework/web/servlet/mvc/method/RequestMappingInfoHandlerMapping$PartialMatchHelper
instanceKlass com/eshop/sys/service/impl/SysMenuServiceImpl$$Lambda$784
instanceKlass com/eshop/sys/service/impl/SysMenuServiceImpl$$Lambda$783
instanceKlass io/jsonwebtoken/impl/DefaultJws
instanceKlass io/jsonwebtoken/Jws
instanceKlass com/alibaba/druid/support/profile/ProfileStat
instanceKlass com/alibaba/druid/support/http/stat/WebURIStat
instanceKlass org/springframework/web/method/annotation/SessionAttributesHandler$$Lambda$782
instanceKlass org/apache/coyote/http11/Constants
instanceKlass javax/servlet/http/HttpSessionBindingListener
instanceKlass javax/servlet/http/CookieNameValidator
instanceKlass javax/servlet/http/Cookie
instanceKlass org/apache/catalina/session/ManagerBase$SessionTiming
instanceKlass org/apache/catalina/session/StandardSessionFacade
instanceKlass javax/servlet/http/HttpSessionContext
instanceKlass org/apache/catalina/session/StandardSession
instanceKlass org/springframework/security/core/Transient
instanceKlass javax/security/auth/Subject
instanceKlass com/fasterxml/jackson/databind/ObjectWriter$Prefetch
instanceKlass com/fasterxml/jackson/databind/ObjectWriter$GeneratorSettings
instanceKlass com/fasterxml/jackson/core/util/MinimalPrettyPrinter
instanceKlass org/springframework/util/TypeUtils
instanceKlass org/apache/tomcat/util/http/parser/MediaType
instanceKlass org/springframework/http/StreamingHttpOutputMessage
instanceKlass org/springframework/http/converter/json/MappingJacksonValue
instanceKlass org/springframework/web/servlet/mvc/method/annotation/AbstractMessageConverterMethodProcessor$$Lambda$781
instanceKlass java/util/stream/DoubleStream
instanceKlass java/util/stream/LongStream
instanceKlass org/springframework/web/context/request/async/WebAsyncTask
instanceKlass org/springframework/web/context/request/async/DeferredResult
instanceKlass org/springframework/web/servlet/mvc/method/annotation/StreamingResponseBody
instanceKlass org/springframework/web/method/support/AsyncHandlerMethodReturnValueHandler
instanceKlass org/apache/commons/beanutils/MethodUtils
instanceKlass org/apache/commons/beanutils/BeanIntrospectionData
instanceKlass org/apache/commons/beanutils/DefaultIntrospectionContext
instanceKlass org/apache/commons/beanutils/DynaBean
instanceKlass org/apache/commons/beanutils/DefaultBeanIntrospector
instanceKlass org/apache/commons/beanutils/BeanIntrospector
instanceKlass org/apache/commons/beanutils/PropertyUtils
instanceKlass org/apache/commons/beanutils/expression/DefaultResolver
instanceKlass org/apache/commons/beanutils/IntrospectionContext
instanceKlass org/apache/commons/beanutils/expression/Resolver
instanceKlass org/apache/commons/beanutils/PropertyUtilsBean
instanceKlass org/apache/commons/beanutils/converters/ConverterFacade
instanceKlass org/apache/commons/beanutils/converters/AbstractConverter
instanceKlass org/apache/commons/beanutils/ConvertUtils
instanceKlass org/apache/commons/beanutils/Converter
instanceKlass org/apache/commons/beanutils/ConvertUtilsBean
instanceKlass org/apache/commons/beanutils/ContextClassLoaderLocal
instanceKlass org/apache/commons/beanutils/BeanUtilsBean
instanceKlass org/apache/commons/beanutils/BeanUtils
instanceKlass org/springframework/data/redis/connection/convert/Converters$$Lambda$780
instanceKlass io/lettuce/core/protocol/CommandArgs$IntegerCache
instanceKlass org/springframework/data/redis/core/TimeoutUtils
instanceKlass org/springframework/data/redis/core/DefaultValueOperations$4
instanceKlass io/jsonwebtoken/impl/crypto/DefaultSignerFactory$1
instanceKlass io/jsonwebtoken/impl/crypto/DefaultSignerFactory
instanceKlass io/jsonwebtoken/impl/crypto/SignerFactory
instanceKlass io/jsonwebtoken/impl/crypto/DefaultJwtSigner
instanceKlass com/fasterxml/jackson/databind/annotation/JsonAppend
instanceKlass com/fasterxml/jackson/databind/ser/PropertyBuilder$1
instanceKlass com/fasterxml/jackson/databind/BeanProperty$Std
instanceKlass com/fasterxml/jackson/annotation/JsonTypeId
instanceKlass com/fasterxml/jackson/databind/introspect/POJOPropertyBuilder$3
instanceKlass com/fasterxml/jackson/databind/ser/PropertyBuilder
instanceKlass com/fasterxml/jackson/annotation/JsonIgnoreType
instanceKlass com/fasterxml/jackson/databind/ser/BeanSerializerBuilder
instanceKlass java/util/Collections$CheckedMap
instanceKlass java/util/Collections$CheckedCollection
instanceKlass com/fasterxml/jackson/databind/ser/impl/PropertySerializerMap$TypeAndSerializer
instanceKlass com/fasterxml/jackson/core/io/NumberOutput
instanceKlass com/fasterxml/jackson/databind/ser/std/NumberSerializers$1
instanceKlass com/fasterxml/jackson/databind/ser/impl/PropertySerializerMap$SerializerAndMapResult
instanceKlass com/fasterxml/jackson/databind/ser/std/StdKeySerializers
instanceKlass com/fasterxml/jackson/databind/ser/impl/PropertySerializerMap
instanceKlass com/fasterxml/jackson/annotation/JsonFilter
instanceKlass com/fasterxml/jackson/databind/util/TypeKey
instanceKlass com/fasterxml/jackson/databind/ser/impl/ReadOnlyClassToSerializerMap$Bucket
instanceKlass com/fasterxml/jackson/databind/ser/impl/ReadOnlyClassToSerializerMap
instanceKlass io/jsonwebtoken/lang/Collections
instanceKlass io/jsonwebtoken/impl/crypto/JwtSigner
instanceKlass io/jsonwebtoken/impl/DefaultJwtBuilder
instanceKlass com/eshop/sys/security/UserDetailsServiceImpl$$Lambda$779
instanceKlass com/eshop/sys/security/GrantedAuthorityImpl
instanceKlass org/springframework/security/crypto/bcrypt/BCrypt
instanceKlass org/springframework/security/core/AuthenticatedPrincipal
instanceKlass org/springframework/security/authentication/dao/AbstractUserDetailsAuthenticationProvider$$Lambda$778
instanceKlass com/eshop/common/PasswordEncoder
instanceKlass com/eshop/common/PasswordUtils
instanceKlass com/alibaba/druid/sql/dialect/hive/visitor/HiveASTVisitor
instanceKlass com/alibaba/druid/sql/dialect/h2/visitor/H2ASTVisitor
instanceKlass com/alibaba/druid/sql/dialect/odps/visitor/OdpsASTVisitor
instanceKlass com/alibaba/druid/sql/dialect/db2/visitor/DB2ASTVisitor
instanceKlass com/alibaba/druid/sql/dialect/sqlserver/visitor/SQLServerASTVisitor
instanceKlass com/alibaba/druid/sql/dialect/postgresql/visitor/PGASTVisitor
instanceKlass com/alibaba/druid/sql/dialect/oracle/visitor/OracleASTVisitor
instanceKlass com/alibaba/druid/sql/SQLUtils
instanceKlass com/alibaba/druid/sql/parser/InsertColumnsCache$Entry
instanceKlass com/alibaba/druid/sql/parser/InsertColumnsCache
instanceKlass org/apache/ibatis/scripting/xmltags/DynamicSqlSource$$Lambda$777
instanceKlass org/apache/ibatis/ognl/OgnlOps
instanceKlass org/apache/ibatis/ognl/SimpleNode
instanceKlass org/apache/ibatis/ognl/NodeType
instanceKlass org/apache/ibatis/ognl/Token
instanceKlass org/apache/ibatis/ognl/OgnlParserTokenManager
instanceKlass org/apache/ibatis/ognl/JavaCharStream
instanceKlass org/apache/ibatis/ognl/OgnlParser$JJCalls
instanceKlass org/apache/ibatis/ognl/JJTOgnlParserState
instanceKlass org/apache/ibatis/ognl/Node
instanceKlass org/apache/ibatis/ognl/JavaSource
instanceKlass org/apache/ibatis/ognl/OgnlParser
instanceKlass org/apache/ibatis/ognl/OgnlParserConstants
instanceKlass org/apache/ibatis/ognl/OgnlParserTreeConstants
instanceKlass org/apache/ibatis/ognl/DefaultTypeConverter
instanceKlass org/apache/ibatis/ognl/TypeConverter
instanceKlass org/apache/ibatis/ognl/OgnlContext
instanceKlass org/apache/ibatis/ognl/Ognl
instanceKlass org/apache/ibatis/ognl/DefaultClassResolver
instanceKlass org/apache/ibatis/scripting/xmltags/OgnlMemberAccess
instanceKlass org/apache/ibatis/ognl/MemberAccess
instanceKlass org/apache/ibatis/scripting/xmltags/OgnlCache
instanceKlass eu/bitwalker/useragentutils/Version
instanceKlass eu/bitwalker/useragentutils/browser/SafariUtils
instanceKlass eu/bitwalker/useragentutils/SequentialVersionFetcher
instanceKlass eu/bitwalker/useragentutils/Utils
instanceKlass eu/bitwalker/useragentutils/PatternBasedVersionFetcher
instanceKlass eu/bitwalker/useragentutils/VersionFetcher
instanceKlass eu/bitwalker/useragentutils/UserAgent
instanceKlass java/io/RandomAccessFile$1
instanceKlass org/lionsoul/ip2region/IndexBlock
instanceKlass org/lionsoul/ip2region/Util
instanceKlass org/lionsoul/ip2region/DataBlock
instanceKlass java/io/RandomAccessFile
instanceKlass org/lionsoul/ip2region/DbSearcher
instanceKlass cn/hutool/core/util/URLUtil
instanceKlass cn/hutool/core/lang/SimpleCache
instanceKlass cn/hutool/core/util/ClassLoaderUtil
instanceKlass cn/hutool/core/util/ClassUtil
instanceKlass cn/hutool/core/util/ArrayUtil
instanceKlass cn/hutool/core/collection/IterUtil
instanceKlass cn/hutool/core/collection/CollUtil$Hash
instanceKlass cn/hutool/core/collection/CollUtil
instanceKlass cn/hutool/core/util/CharUtil
instanceKlass cn/hutool/core/util/NumberUtil
instanceKlass cn/hutool/core/text/StrSpliter
instanceKlass cn/hutool/core/util/StrUtil
instanceKlass java/nio/file/FileVisitor
instanceKlass java/nio/file/CopyOption
instanceKlass cn/hutool/core/util/ObjectUtil
instanceKlass cn/hutool/core/io/resource/UrlResource
instanceKlass cn/hutool/core/io/resource/Resource
instanceKlass org/lionsoul/ip2region/DbConfig
instanceKlass com/eshop/common/HttpUtils
instanceKlass org/springframework/aop/aspectj/MethodInvocationProceedingJoinPoint$MethodSignatureImpl
instanceKlass org/aspectj/lang/reflect/MethodSignature
instanceKlass org/aspectj/lang/reflect/CodeSignature
instanceKlass org/aspectj/lang/reflect/MemberSignature
instanceKlass org/apache/ibatis/executor/resultset/DefaultResultSetHandler$UnMappedColumnAutoMapping
instanceKlass com/alibaba/druid/proxy/jdbc/JdbcParameterString
instanceKlass org/apache/ibatis/annotations/Param
instanceKlass cn/hutool/core/io/FileUtil
instanceKlass org/aspectj/lang/reflect/SourceLocation
instanceKlass org/aspectj/lang/Signature
instanceKlass org/springframework/aop/aspectj/MethodInvocationProceedingJoinPoint
instanceKlass org/aspectj/lang/JoinPoint$StaticPart
instanceKlass org/springframework/aop/aspectj/RuntimeTestWalker$TestVisitorAdapter
instanceKlass org/springframework/aop/aspectj/RuntimeTestWalker
instanceKlass org/springframework/aop/aspectj/AspectJExpressionPointcut$DefensiveShadowMatch
instanceKlass org/aspectj/weaver/reflect/PointcutParameterImpl
instanceKlass org/aspectj/weaver/reflect/JoinPointMatchImpl
instanceKlass org/aspectj/weaver/reflect/ShadowMatchImpl$RuntimeTestEvaluator
instanceKlass org/aspectj/weaver/ast/ITestVisitor
instanceKlass org/springframework/aop/framework/ReflectiveMethodInvocation
instanceKlass org/springframework/aop/ProxyMethodInvocation
instanceKlass org/springframework/web/bind/annotation/RequestAttribute
instanceKlass org/springframework/web/bind/annotation/SessionAttribute
instanceKlass org/springframework/web/bind/annotation/CookieValue
instanceKlass org/springframework/beans/PropertyAccessorFactory
instanceKlass org/springframework/validation/DefaultMessageCodesResolver
instanceKlass org/springframework/validation/DefaultBindingErrorProcessor
instanceKlass org/springframework/validation/AbstractErrors
instanceKlass org/springframework/validation/BindingErrorProcessor
instanceKlass org/springframework/web/servlet/mvc/method/annotation/AbstractMessageConverterMethodArgumentResolver$$Lambda$776
instanceKlass com/fasterxml/jackson/core/json/ByteSourceJsonBootstrapper
instanceKlass org/springframework/http/converter/json/MappingJacksonInputMessage
instanceKlass com/fasterxml/jackson/databind/deser/impl/ReadableObjectId$Referring
instanceKlass com/fasterxml/jackson/databind/deser/impl/BeanPropertyMap
instanceKlass com/fasterxml/jackson/annotation/JsonAlias
instanceKlass com/fasterxml/jackson/databind/util/ViewMatcher
instanceKlass com/fasterxml/jackson/databind/introspect/POJOPropertyBuilder$1
instanceKlass com/fasterxml/jackson/databind/introspect/POJOPropertyBuilder$8
instanceKlass com/fasterxml/jackson/databind/introspect/POJOPropertyBuilder$2
instanceKlass com/fasterxml/jackson/databind/deser/BeanDeserializerBuilder
instanceKlass com/fasterxml/jackson/databind/deser/impl/CreatorCollector
instanceKlass com/fasterxml/jackson/databind/jsontype/impl/SubTypeValidator
instanceKlass com/fasterxml/jackson/databind/deser/std/JdkDeserializers
instanceKlass com/fasterxml/jackson/databind/ext/Java7Handlers
instanceKlass com/fasterxml/jackson/databind/ext/OptionalHandlerFactory
instanceKlass org/springframework/web/servlet/mvc/method/annotation/AbstractMessageConverterMethodArgumentResolver$EmptyBodyCheckingHttpInputMessage
instanceKlass org/springframework/web/bind/annotation/MatrixVariable
instanceKlass javax/servlet/http/Part
instanceKlass org/springframework/web/multipart/support/MultipartResolutionDelegate
instanceKlass org/springframework/web/context/request/async/WebAsyncManager$$Lambda$775
instanceKlass javax/servlet/AsyncListener
instanceKlass org/springframework/ui/ModelMap$$Lambda$774
instanceKlass org/springframework/web/servlet/support/RequestContextUtils
instanceKlass org/springframework/web/bind/support/SimpleSessionStatus
instanceKlass org/springframework/web/bind/support/SessionStatus
instanceKlass org/springframework/web/servlet/mvc/method/annotation/RequestMappingHandlerAdapter$$Lambda$773
instanceKlass org/springframework/web/bind/annotation/SessionAttributes
instanceKlass org/springframework/web/servlet/mvc/method/annotation/RequestMappingHandlerAdapter$$Lambda$772
instanceKlass org/springframework/web/servlet/mvc/method/annotation/RequestMappingHandlerAdapter$$Lambda$771
instanceKlass org/springframework/web/bind/annotation/InitBinder
instanceKlass org/springframework/core/MethodIntrospector$$Lambda$770
instanceKlass org/springframework/web/util/WebUtils
instanceKlass org/springframework/core/log/LogFormatUtils
instanceKlass org/springframework/web/servlet/DispatcherServlet$$Lambda$769
instanceKlass org/springframework/web/servlet/FrameworkServlet$RequestBindingInterceptor
instanceKlass org/springframework/web/servlet/DispatcherServlet$$Lambda$768
instanceKlass org/springframework/web/servlet/LocaleContextResolver
instanceKlass javax/websocket/server/HandshakeRequest
instanceKlass org/apache/tomcat/websocket/server/UpgradeUtil
instanceKlass org/springframework/expression/common/ExpressionUtils
instanceKlass org/springframework/expression/spel/support/ReflectivePropertyAccessor$OptimalPropertyAccessor
instanceKlass org/springframework/expression/spel/support/ReflectivePropertyAccessor$InvokerPair
instanceKlass org/springframework/expression/spel/support/ReflectivePropertyAccessor$$Lambda$767
instanceKlass org/springframework/expression/spel/support/ReflectivePropertyAccessor$$Lambda$766
instanceKlass org/springframework/expression/spel/support/ReflectivePropertyAccessor$PropertyCacheKey
instanceKlass org/springframework/security/access/expression/ExpressionUtils
instanceKlass org/springframework/security/web/access/expression/DelegatingEvaluationContext
instanceKlass org/springframework/security/access/expression/SecurityExpressionRoot
instanceKlass org/springframework/security/web/FilterInvocation$$Lambda$765
instanceKlass java/lang/invoke/LambdaForm$DMH
instanceKlass org/springframework/security/web/authentication/WebAuthenticationDetails
instanceKlass io/jsonwebtoken/impl/crypto/SignatureProvider
instanceKlass io/jsonwebtoken/impl/crypto/Signer
instanceKlass io/jsonwebtoken/impl/crypto/MacValidator
instanceKlass io/jsonwebtoken/impl/crypto/DefaultSignatureValidatorFactory$1
instanceKlass io/jsonwebtoken/impl/crypto/SignatureValidator
instanceKlass io/jsonwebtoken/impl/crypto/DefaultSignatureValidatorFactory
instanceKlass io/jsonwebtoken/impl/crypto/SignatureValidatorFactory
instanceKlass io/jsonwebtoken/impl/crypto/DefaultJwtSignatureValidator
instanceKlass io/jsonwebtoken/lang/Objects
instanceKlass io/jsonwebtoken/lang/Classes$ExceptionIgnoringAccessor
instanceKlass io/jsonwebtoken/lang/Classes$ClassLoaderAccessor
instanceKlass io/jsonwebtoken/lang/Classes
instanceKlass io/jsonwebtoken/lang/RuntimeEnvironment
instanceKlass com/fasterxml/jackson/databind/util/ObjectBuffer
instanceKlass com/fasterxml/jackson/core/io/NumberInput
instanceKlass com/fasterxml/jackson/databind/deser/std/NumberDeserializers
instanceKlass com/fasterxml/jackson/databind/annotation/JacksonStdImpl
instanceKlass com/fasterxml/jackson/databind/deser/ContextualKeyDeserializer
instanceKlass com/fasterxml/jackson/databind/util/LinkedNode
instanceKlass com/fasterxml/jackson/annotation/JsonIgnoreProperties$Value
instanceKlass com/fasterxml/jackson/annotation/JsonIgnoreProperties
instanceKlass com/fasterxml/jackson/databind/deser/impl/NullsConstantProvider
instanceKlass com/fasterxml/jackson/core/JsonLocation
instanceKlass com/fasterxml/jackson/databind/deser/impl/JDKValueInstantiators
instanceKlass com/fasterxml/jackson/databind/annotation/JsonValueInstantiator
instanceKlass com/fasterxml/jackson/databind/deser/BasicDeserializerFactory$ContainerDefaultMappings
instanceKlass com/fasterxml/jackson/databind/util/ArrayIterator
instanceKlass com/fasterxml/jackson/databind/annotation/JsonTypeResolver
instanceKlass com/fasterxml/jackson/core/util/TextBuffer
instanceKlass com/fasterxml/jackson/core/JsonStreamContext
instanceKlass com/fasterxml/jackson/core/util/BufferRecycler
instanceKlass com/fasterxml/jackson/core/util/BufferRecyclers
instanceKlass com/fasterxml/jackson/core/io/IOContext
instanceKlass io/jsonwebtoken/JwtHandlerAdapter
instanceKlass javax/xml/datatype/SecuritySupport$1
instanceKlass javax/xml/datatype/FactoryFinder$1
instanceKlass javax/xml/datatype/SecuritySupport$5
instanceKlass javax/xml/datatype/SecuritySupport$2
instanceKlass javax/xml/datatype/SecuritySupport
instanceKlass javax/xml/datatype/FactoryFinder
instanceKlass javax/xml/datatype/DatatypeFactory
instanceKlass javax/xml/bind/DatatypeConverterImpl
instanceKlass javax/xml/bind/DatatypeConverterInterface
instanceKlass javax/xml/bind/DatatypeConverter
instanceKlass io/jsonwebtoken/impl/AbstractTextCodec
instanceKlass io/jsonwebtoken/impl/DefaultTextCodecFactory
instanceKlass io/jsonwebtoken/impl/TextCodecFactory
instanceKlass io/jsonwebtoken/impl/TextCodec
instanceKlass io/jsonwebtoken/lang/Strings
instanceKlass io/jsonwebtoken/impl/DefaultClock
instanceKlass io/jsonwebtoken/Clock
instanceKlass io/jsonwebtoken/lang/Assert
instanceKlass io/jsonwebtoken/impl/JwtMap
instanceKlass io/jsonwebtoken/impl/compression/DefaultCompressionCodecResolver
instanceKlass io/jsonwebtoken/JwtHandler
instanceKlass io/jsonwebtoken/impl/crypto/JwtSignatureValidator
instanceKlass io/jsonwebtoken/Jwt
instanceKlass io/jsonwebtoken/CompressionCodecResolver
instanceKlass io/jsonwebtoken/impl/DefaultJwtParser
instanceKlass io/jsonwebtoken/Claims
instanceKlass io/jsonwebtoken/JwsHeader
instanceKlass io/jsonwebtoken/JwtBuilder
instanceKlass io/jsonwebtoken/ClaimsMutator
instanceKlass io/jsonwebtoken/Header
instanceKlass io/jsonwebtoken/JwtParser
instanceKlass io/jsonwebtoken/Jwts
instanceKlass com/eshop/common/JwtTokenUtils
instanceKlass com/eshop/common/SecurityUtils
instanceKlass org/apache/coyote/Constants
instanceKlass org/springframework/http/server/ServletServerHttpResponse$$Lambda$764
instanceKlass org/springframework/util/LinkedCaseInsensitiveMap$EntryIterator
instanceKlass org/springframework/util/CollectionUtils$MultiValueMapAdapter$$Lambda$763
instanceKlass org/apache/tomcat/util/http/NamesEnumerator
instanceKlass java/time/temporal/TemporalQueries$$Lambda$762
instanceKlass java/time/temporal/TemporalQueries$$Lambda$761
instanceKlass java/time/temporal/TemporalQueries$$Lambda$760
instanceKlass java/time/temporal/TemporalQueries$$Lambda$759
instanceKlass java/time/temporal/TemporalQueries$$Lambda$758
instanceKlass java/time/temporal/TemporalQueries$$Lambda$757
instanceKlass java/time/temporal/TemporalQueries$$Lambda$756
instanceKlass java/time/temporal/TemporalQueries
instanceKlass java/time/zone/ZoneOffsetTransitionRule
instanceKlass java/time/zone/ZoneRules
instanceKlass org/springframework/http/server/ServletServerHttpResponse
instanceKlass org/springframework/http/server/ServerHttpAsyncRequestControl
instanceKlass org/springframework/http/server/ServletServerHttpRequest
instanceKlass org/springframework/web/servlet/mvc/method/RequestMappingInfoHandlerMapping$$Lambda$755
instanceKlass org/springframework/web/servlet/handler/AbstractHandlerMethodMapping$MatchComparator
instanceKlass org/springframework/web/cors/CorsUtils
instanceKlass org/springframework/web/util/UriTemplate$TemplateInfo
instanceKlass org/springframework/web/util/UriTemplate
instanceKlass org/springframework/web/util/UriUtils
instanceKlass org/springframework/security/web/context/HttpRequestResponseHolder
instanceKlass org/springframework/web/context/request/async/CallableProcessingInterceptorAdapter
instanceKlass org/springframework/security/web/FilterChainProxy$VirtualFilterChain
instanceKlass org/springframework/context/i18n/SimpleLocaleContext
instanceKlass org/springframework/context/i18n/LocaleContextHolder
instanceKlass sun/util/locale/InternalLocaleBuilder$CaseInsensitiveChar
instanceKlass sun/util/locale/InternalLocaleBuilder
instanceKlass sun/util/locale/StringTokenIterator
instanceKlass sun/util/locale/ParseStatus
instanceKlass org/apache/tomcat/util/http/parser/AcceptLanguage
instanceKlass org/springframework/web/context/request/async/TimeoutDeferredResultProcessingInterceptor
instanceKlass org/springframework/web/context/request/async/TimeoutCallableProcessingInterceptor
instanceKlass org/springframework/web/context/request/async/AsyncWebRequest
instanceKlass org/springframework/web/context/request/async/WebAsyncUtils
instanceKlass org/apache/catalina/util/TLSUtil
instanceKlass org/apache/catalina/connector/ResponseFacade
instanceKlass org/apache/catalina/core/ApplicationFilterFactory$1
instanceKlass org/apache/catalina/core/ApplicationDispatcher
instanceKlass org/apache/catalina/AsyncDispatcher
instanceKlass org/apache/catalina/core/ApplicationFilterChain
instanceKlass org/apache/catalina/core/ApplicationFilterFactory
instanceKlass org/springframework/web/servlet/support/AbstractFlashMapManager
instanceKlass org/springframework/web/servlet/view/DefaultRequestToViewNameTranslator
instanceKlass org/springframework/web/servlet/theme/AbstractThemeResolver
instanceKlass org/springframework/web/servlet/i18n/AcceptHeaderLocaleResolver
instanceKlass org/apache/coyote/AbstractProcessor$1
instanceKlass javax/security/auth/message/config/AuthConfigFactory$1
instanceKlass javax/security/auth/message/config/AuthConfigFactory$2
instanceKlass javax/security/auth/message/config/AuthConfigFactory
instanceKlass org/apache/catalina/connector/RequestFacade
instanceKlass org/apache/tomcat/util/http/parser/Cookie$ByteBuffer
instanceKlass org/apache/tomcat/util/http/parser/Cookie
instanceKlass org/apache/catalina/util/SessionConfig
instanceKlass org/apache/tomcat/util/buf/UEncoder
instanceKlass org/apache/tomcat/util/collections/ConcurrentCache
instanceKlass org/apache/tomcat/util/http/parser/MediaTypeCache
instanceKlass org/apache/catalina/connector/Response
instanceKlass org/apache/catalina/core/ApplicationMapping
instanceKlass org/apache/catalina/mapper/MappingData
instanceKlass org/apache/catalina/util/ParameterMap
instanceKlass org/apache/tomcat/util/buf/ByteChunk$ByteInputChannel
instanceKlass org/apache/catalina/connector/Request$7
instanceKlass org/apache/catalina/connector/Request$6
instanceKlass org/apache/catalina/connector/Request$5
instanceKlass org/apache/catalina/connector/Request$4
instanceKlass org/apache/catalina/connector/Request$3
instanceKlass org/apache/catalina/connector/Request$2
instanceKlass org/apache/catalina/connector/Request$1
instanceKlass org/apache/catalina/connector/Request$SpecialAttributeAdapter
instanceKlass org/apache/tomcat/util/http/fileupload/RequestContext
instanceKlass org/apache/tomcat/util/http/fileupload/FileItemFactory
instanceKlass javax/servlet/http/HttpServletMapping
instanceKlass org/apache/catalina/connector/Request
instanceKlass org/apache/tomcat/util/http/parser/Host
instanceKlass org/apache/tomcat/util/http/parser/TokenList
instanceKlass org/apache/tomcat/util/http/ValuesEnumerator
instanceKlass org/apache/tomcat/util/buf/Ascii
instanceKlass org/apache/coyote/http11/filters/GzipOutputFilter
instanceKlass org/apache/coyote/http11/filters/BufferedInputFilter
instanceKlass org/apache/coyote/http11/filters/VoidOutputFilter
instanceKlass org/apache/coyote/http11/filters/VoidInputFilter
instanceKlass org/apache/coyote/http11/filters/ChunkedOutputFilter
instanceKlass org/apache/coyote/http11/filters/ChunkedInputFilter
instanceKlass org/apache/coyote/http11/filters/IdentityOutputFilter
instanceKlass org/apache/coyote/http11/filters/IdentityInputFilter
instanceKlass org/apache/coyote/http11/Http11OutputBuffer$SocketOutputBuffer
instanceKlass org/apache/coyote/http11/Http11OutputBuffer
instanceKlass org/apache/coyote/http11/Http11InputBuffer$SocketInputBuffer
instanceKlass org/apache/coyote/http11/Http11InputBuffer$HeaderParseData
instanceKlass org/apache/coyote/http11/Http11InputBuffer
instanceKlass org/apache/tomcat/util/net/ApplicationBufferHandler
instanceKlass org/apache/tomcat/util/http/parser/HttpParser
instanceKlass org/apache/coyote/AsyncStateMachine
instanceKlass org/apache/coyote/RequestInfo
instanceKlass org/apache/tomcat/util/log/UserDataHelper
instanceKlass org/apache/tomcat/util/http/Parameters
instanceKlass org/apache/tomcat/util/http/ServerCookie
instanceKlass org/apache/tomcat/util/http/ServerCookies
instanceKlass org/apache/tomcat/util/http/MimeHeaderField
instanceKlass org/apache/tomcat/util/http/MimeHeaders
instanceKlass org/apache/tomcat/util/buf/AbstractChunk
instanceKlass org/apache/tomcat/util/buf/MessageBytes$MessageBytesFactory
instanceKlass org/apache/tomcat/util/buf/MessageBytes
instanceKlass javax/servlet/http/HttpUpgradeHandler
instanceKlass org/apache/coyote/http11/OutputFilter
instanceKlass org/apache/coyote/http11/HttpOutputBuffer
instanceKlass org/apache/coyote/http11/InputFilter
instanceKlass org/apache/coyote/OutputBuffer
instanceKlass org/apache/coyote/InputBuffer
instanceKlass org/apache/coyote/AbstractProcessorLight
instanceKlass org/apache/coyote/ActionHook
instanceKlass org/apache/tomcat/util/net/ContainerThreadMarker
instanceKlass org/apache/coyote/ContainerThreadMarker
instanceKlass org/apache/tomcat/util/net/NioEndpoint$PollerEvent
instanceKlass java/util/concurrent/Semaphore
instanceKlass java/util/concurrent/BlockingDeque
instanceKlass org/apache/tomcat/util/net/WriteBuffer
instanceKlass org/apache/tomcat/util/net/SocketWrapperBase$3
instanceKlass org/apache/tomcat/util/net/SocketWrapperBase$2
instanceKlass org/apache/tomcat/util/net/SocketWrapperBase$1
instanceKlass org/apache/tomcat/util/net/SocketWrapperBase$OperationState
instanceKlass org/apache/tomcat/util/net/SendfileDataBase
instanceKlass org/apache/tomcat/util/net/SocketWrapperBase$CompletionCheck
instanceKlass org/apache/tomcat/util/net/SocketBufferHandler
instanceKlass org/apache/tomcat/PeriodicEventListener
instanceKlass org/apache/catalina/webresources/Cache$EvictionOrder
instanceKlass com/alibaba/fastjson/util/RyuFloat
instanceKlass com/alibaba/fastjson/serializer/FieldSerializer$RuntimeSerializerInfo
instanceKlass com/alibaba/fastjson/serializer/FieldSerializer
instanceKlass com/alibaba/fastjson/serializer/ASMSerializerFactory$Context
instanceKlass com/alibaba/fastjson/asm/Type
instanceKlass com/alibaba/fastjson/serializer/ListSerializer
instanceKlass com/alibaba/fastjson/serializer/AutowiredObjectSerializer
instanceKlass org/springframework/jdbc/datasource/SmartDataSource
instanceKlass org/mybatis/spring/SqlSessionUtils$$Lambda$754
instanceKlass java/util/concurrent/ConcurrentLinkedQueue$Itr
instanceKlass org/apache/ibatis/executor/loader/ResultLoaderMap
instanceKlass org/apache/ibatis/executor/result/DefaultResultContext
instanceKlass org/apache/ibatis/executor/result/DefaultResultHandler
instanceKlass com/mysql/cj/jdbc/result/ResultSetMetaData$1
instanceKlass org/apache/ibatis/executor/resultset/ResultSetWrapper
instanceKlass com/mysql/cj/jdbc/result/ResultSetMetaData
instanceKlass com/mysql/cj/result/DefaultValueFactory
instanceKlass com/alibaba/druid/support/profile/ProfileEntry
instanceKlass com/alibaba/druid/support/profile/ProfileEntryKey
instanceKlass com/alibaba/druid/support/profile/Profiler
instanceKlass com/alibaba/druid/proxy/jdbc/JdbcParameterLong
instanceKlass org/apache/ibatis/executor/statement/StatementUtil
instanceKlass com/alibaba/druid/proxy/jdbc/JdbcParameter
instanceKlass com/mysql/cj/ClientPreparedQueryBindValue
instanceKlass com/mysql/cj/BindValue
instanceKlass com/mysql/cj/AbstractQueryBindings
instanceKlass com/mysql/cj/BatchVisitor
instanceKlass com/mysql/cj/ParseInfo
instanceKlass com/mysql/cj/CancelQueryTask
instanceKlass java/util/TimerTask
instanceKlass com/mysql/cj/AbstractQuery
instanceKlass com/mysql/cj/PreparedQuery
instanceKlass com/mysql/cj/QueryBindings
instanceKlass com/mysql/cj/jdbc/ParameterBindings
instanceKlass com/mysql/cj/jdbc/EscapeProcessor
instanceKlass com/alibaba/druid/wall/WallCheckResult
instanceKlass com/alibaba/druid/wall/WallTableStat
instanceKlass com/alibaba/druid/wall/WallSqlStat
instanceKlass com/alibaba/druid/sql/ast/expr/SQLBinaryOperator$1
instanceKlass com/alibaba/druid/sql/dialect/db2/ast/DB2Object
instanceKlass com/alibaba/druid/sql/dialect/oracle/ast/OracleSQLObject
instanceKlass com/alibaba/druid/sql/parser/SQLParserUtils
instanceKlass com/alibaba/druid/sql/visitor/ParameterizedVisitor
instanceKlass com/alibaba/druid/sql/visitor/PrintableVisitor
instanceKlass com/alibaba/druid/sql/visitor/ParameterizedOutputVisitorUtils
instanceKlass com/alibaba/druid/wall/WallSqlTableStat
instanceKlass com/alibaba/druid/sql/visitor/functions/Nil
instanceKlass com/alibaba/druid/sql/visitor/functions/OneParamFunctions
instanceKlass com/alibaba/druid/sql/visitor/functions/If
instanceKlass com/alibaba/druid/sql/visitor/functions/Isnull
instanceKlass com/alibaba/druid/sql/visitor/functions/Least
instanceKlass com/alibaba/druid/sql/visitor/functions/Greatest
instanceKlass com/alibaba/druid/sql/visitor/functions/Unhex
instanceKlass com/alibaba/druid/sql/visitor/functions/Hex
instanceKlass com/alibaba/druid/sql/visitor/functions/Lcase
instanceKlass com/alibaba/druid/sql/visitor/functions/Ucase
instanceKlass com/alibaba/druid/sql/visitor/functions/Trim
instanceKlass com/alibaba/druid/sql/visitor/functions/Length
instanceKlass com/alibaba/druid/sql/visitor/functions/Reverse
instanceKlass com/alibaba/druid/sql/visitor/functions/Right
instanceKlass com/alibaba/druid/sql/visitor/functions/Substring
instanceKlass com/alibaba/druid/sql/visitor/functions/Ltrim
instanceKlass com/alibaba/druid/sql/visitor/functions/Lpad
instanceKlass com/alibaba/druid/sql/visitor/functions/Locate
instanceKlass com/alibaba/druid/sql/visitor/functions/Left
instanceKlass com/alibaba/druid/sql/visitor/functions/Elt
instanceKlass com/alibaba/druid/sql/visitor/functions/Char
instanceKlass com/alibaba/druid/sql/visitor/functions/Instr
instanceKlass com/alibaba/druid/sql/visitor/functions/Insert
instanceKlass com/alibaba/druid/sql/visitor/functions/BitLength
instanceKlass com/alibaba/druid/sql/visitor/functions/Bin
instanceKlass com/alibaba/druid/sql/visitor/functions/Ascii
instanceKlass com/alibaba/druid/sql/visitor/functions/Concat
instanceKlass com/alibaba/druid/sql/visitor/functions/Now
instanceKlass com/alibaba/druid/sql/visitor/SQLEvalVisitor
instanceKlass com/alibaba/druid/sql/visitor/SQLEvalVisitorUtils
instanceKlass com/alibaba/druid/wall/spi/WallVisitorUtils$WallConditionContext
instanceKlass com/alibaba/druid/wall/spi/WallVisitorUtils$WallTopStatementContext
instanceKlass com/alibaba/druid/sql/ast/statement/SQLCreateStatement
instanceKlass com/alibaba/druid/sql/ast/statement/SQLDDLStatement
instanceKlass com/alibaba/druid/sql/visitor/SQLASTVisitorAdapter
instanceKlass com/alibaba/druid/sql/dialect/mysql/visitor/MySqlASTVisitor
instanceKlass com/alibaba/druid/sql/parser/SQLSelectParser$1
instanceKlass com/alibaba/druid/sql/dialect/mysql/parser/MySqlExprParser$1
instanceKlass com/alibaba/druid/sql/parser/SQLParser$1
instanceKlass com/alibaba/druid/sql/parser/SQLExprParser$1
instanceKlass com/alibaba/druid/util/FnvHash$Constants
instanceKlass com/alibaba/druid/sql/parser/CharTypes
instanceKlass com/alibaba/druid/sql/dialect/mysql/ast/MySqlIndexHint
instanceKlass com/alibaba/druid/sql/dialect/mysql/ast/MySqlHint
instanceKlass com/alibaba/druid/sql/ast/SQLHint
instanceKlass com/alibaba/druid/sql/parser/SQLStatementParser$1
instanceKlass com/alibaba/druid/wall/WallProvider$WallCommentHandler
instanceKlass com/alibaba/druid/sql/parser/Keywords
instanceKlass com/alibaba/druid/sql/parser/SymbolTable$Entry
instanceKlass com/alibaba/druid/sql/parser/SymbolTable
instanceKlass com/alibaba/druid/util/FnvHash
instanceKlass com/alibaba/druid/sql/ast/expr/SQLValuableExpr
instanceKlass com/alibaba/druid/sql/parser/Lexer
instanceKlass com/alibaba/druid/sql/ast/statement/SQLColumnConstraint
instanceKlass com/alibaba/druid/sql/ast/statement/SQLForeignKeyConstraint
instanceKlass com/alibaba/druid/sql/ast/statement/SQLTableConstraint
instanceKlass com/alibaba/druid/sql/ast/statement/SQLPrimaryKey
instanceKlass com/alibaba/druid/sql/ast/statement/SQLUniqueConstraint
instanceKlass com/alibaba/druid/sql/ast/SQLDataType
instanceKlass com/alibaba/druid/sql/ast/SQLName
instanceKlass com/alibaba/druid/sql/dialect/mysql/ast/statement/MySqlStatement
instanceKlass com/alibaba/druid/sql/dialect/mysql/ast/MySqlObject
instanceKlass com/alibaba/druid/sql/ast/SQLReplaceable
instanceKlass com/alibaba/druid/sql/ast/expr/SQLLiteralExpr
instanceKlass com/alibaba/druid/sql/ast/statement/SQLTableElement
instanceKlass com/alibaba/druid/sql/ast/SQLObjectImpl
instanceKlass com/alibaba/druid/sql/ast/statement/SQLConstraint
instanceKlass com/alibaba/druid/sql/dialect/oracle/ast/OracleSegmentAttributes
instanceKlass com/alibaba/druid/sql/ast/SQLStatement
instanceKlass com/alibaba/druid/sql/ast/statement/SQLAlterTableItem
instanceKlass com/alibaba/druid/wall/WallContext
instanceKlass com/alibaba/druid/pool/PreparedStatementPool
instanceKlass com/alibaba/druid/pool/DruidPooledPreparedStatement$PreparedStatementKey
instanceKlass org/mybatis/spring/transaction/SpringManagedTransaction$$Lambda$753
instanceKlass com/alibaba/druid/support/http/stat/WebRequestStat
instanceKlass org/springframework/jdbc/datasource/DataSourceUtils
instanceKlass org/apache/ibatis/executor/resultset/DefaultResultSetHandler
instanceKlass org/apache/ibatis/executor/resultset/ResultSetHandler
instanceKlass org/apache/ibatis/scripting/defaults/DefaultParameterHandler
instanceKlass org/apache/ibatis/executor/statement/BaseStatementHandler
instanceKlass org/apache/ibatis/executor/statement/RoutingStatementHandler$1
instanceKlass org/apache/ibatis/executor/statement/RoutingStatementHandler
instanceKlass org/apache/ibatis/executor/statement/StatementHandler
instanceKlass org/apache/ibatis/reflection/invoker/GetFieldInvoker
instanceKlass com/github/pagehelper/util/MetaObjectWithReflectCache
instanceKlass com/github/pagehelper/util/MetaObjectUtil
instanceKlass com/github/pagehelper/IPage
instanceKlass org/apache/ibatis/reflection/ArrayUtil
instanceKlass org/apache/ibatis/plugin/Invocation
instanceKlass org/mybatis/spring/SqlSessionUtils$$Lambda$752
instanceKlass org/apache/ibatis/session/ResultContext
instanceKlass org/apache/ibatis/session/defaults/DefaultSqlSession
instanceKlass org/apache/ibatis/plugin/Plugin$$Lambda$751
instanceKlass org/apache/ibatis/mapping/BoundSql
instanceKlass org/apache/ibatis/cache/CacheKey
instanceKlass org/apache/ibatis/plugin/Signature
instanceKlass org/apache/ibatis/plugin/Intercepts
instanceKlass org/apache/ibatis/plugin/Plugin
instanceKlass org/apache/ibatis/cache/TransactionalCacheManager
instanceKlass org/apache/ibatis/executor/CachingExecutor
instanceKlass org/apache/ibatis/executor/BaseExecutor
instanceKlass org/mybatis/spring/transaction/SpringManagedTransaction
instanceKlass org/mybatis/spring/SqlSessionUtils$$Lambda$750
instanceKlass org/mybatis/spring/SqlSessionUtils
instanceKlass org/apache/ibatis/binding/MapperMethod$1
instanceKlass org/apache/ibatis/reflection/ParamNameUtil$$Lambda$749
instanceKlass org/apache/ibatis/reflection/ParamNameUtil
instanceKlass org/apache/ibatis/reflection/ParamNameResolver
instanceKlass org/apache/ibatis/binding/MapperMethod$MethodSignature
instanceKlass org/apache/ibatis/binding/MapperMethod$SqlCommand
instanceKlass org/apache/ibatis/binding/MapperProxy$$Lambda$748
instanceKlass org/apache/ibatis/binding/MapperMethod
instanceKlass com/alibaba/fastjson/asm/Label
instanceKlass com/alibaba/fastjson/asm/MethodWriter
instanceKlass com/alibaba/fastjson/asm/FieldWriter
instanceKlass com/alibaba/fastjson/parser/deserializer/ASMDeserializerFactory$Context
instanceKlass com/alibaba/fastjson/asm/Item
instanceKlass com/alibaba/fastjson/asm/ByteVector
instanceKlass com/alibaba/fastjson/asm/ClassWriter
instanceKlass javax/xml/bind/annotation/XmlAccessorType
instanceKlass com/alibaba/fastjson/parser/deserializer/PropertyProcessable
instanceKlass com/alibaba/fastjson/util/ServiceLoader
instanceKlass com/alibaba/fastjson/annotation/JSONField
instanceKlass javax/sql/RowSet
instanceKlass com/alibaba/fastjson/annotation/JSONType
instanceKlass com/alibaba/fastjson/asm/TypeCollector
instanceKlass com/alibaba/fastjson/asm/ClassReader
instanceKlass io/lettuce/core/protocol/CommandArgs$ByteBufferArgument
instanceKlass org/springframework/data/redis/connection/lettuce/LettuceStringCommands
instanceKlass org/apache/commons/lang3/StringUtils
instanceKlass com/alibaba/fastjson/serializer/ToStringSerializer
instanceKlass com/alibaba/fastjson/serializer/AppendableSerializer
instanceKlass com/alibaba/fastjson/serializer/ObjectArrayCodec
instanceKlass com/alibaba/fastjson/serializer/PrimitiveArraySerializer
instanceKlass com/alibaba/fastjson/serializer/DoubleSerializer
instanceKlass com/alibaba/fastjson/serializer/ASMSerializerFactory
instanceKlass org/springframework/data/redis/core/AbstractOperations$ValueDeserializingRedisCallback
instanceKlass org/springframework/transaction/support/TransactionSynchronizationUtils$ScopedProxyUnwrapper
instanceKlass org/springframework/core/InfrastructureProxy
instanceKlass org/springframework/transaction/support/TransactionSynchronizationUtils
instanceKlass org/springframework/transaction/support/TransactionSynchronizationManager
instanceKlass org/springframework/transaction/support/TransactionSynchronization
instanceKlass org/springframework/data/redis/core/RedisConnectionUtils
instanceKlass io/netty/util/ByteProcessor$4
instanceKlass io/netty/util/ByteProcessor$3
instanceKlass io/netty/util/ByteProcessor$2
instanceKlass io/netty/util/ByteProcessor$1
instanceKlass io/netty/util/ByteProcessor$IndexNotOfProcessor
instanceKlass io/netty/util/ByteProcessor$IndexOfProcessor
instanceKlass io/lettuce/core/protocol/RedisStateMachine$1
instanceKlass io/netty/channel/DefaultMaxMessagesRecvByteBufAllocator$MaxMessageHandle$1
instanceKlass io/netty/util/UncheckedBooleanSupplier
instanceKlass io/netty/util/BooleanSupplier
instanceKlass io/netty/channel/DefaultMaxMessagesRecvByteBufAllocator$MaxMessageHandle
instanceKlass io/netty/channel/RecvByteBufAllocator$ExtendedHandle
instanceKlass io/netty/util/Recycler$WeakOrderQueue$Head
instanceKlass io/netty/util/internal/PromiseNotificationUtil
instanceKlass io/netty/buffer/PoolThreadCache$MemoryRegionCache$Entry
instanceKlass io/netty/buffer/PoolThreadCache$1
instanceKlass io/netty/channel/ChannelOutboundBuffer$Entry$1
instanceKlass io/lettuce/core/LettuceFutures
instanceKlass io/lettuce/core/internal/TimeoutProvider$State
instanceKlass io/netty/buffer/UnsafeByteBufUtil
instanceKlass io/lettuce/core/protocol/DefaultEndpoint$ListenerSupport
instanceKlass io/lettuce/core/protocol/CommandHandler$AddToStack
instanceKlass io/netty/buffer/ByteBufHolder
instanceKlass io/netty/channel/AbstractChannelHandlerContext$WriteTask$1
instanceKlass io/netty/channel/AbstractChannelHandlerContext$WriteTask
instanceKlass io/lettuce/core/protocol/CommandExpiryWriter$$Lambda$747
instanceKlass java/lang/invoke/LambdaForm$MH
instanceKlass java/lang/invoke/LambdaForm$DMH
instanceKlass java/lang/invoke/LambdaForm$DMH
instanceKlass io/lettuce/core/protocol/CommandExpiryWriter$$Lambda$746
instanceKlass java/lang/invoke/LambdaForm$DMH
instanceKlass io/lettuce/core/protocol/Command
instanceKlass io/lettuce/core/protocol/CommandArgs$CommandKeywordCache
instanceKlass io/lettuce/core/protocol/CommandArgs$SingularArgument
instanceKlass org/springframework/data/redis/core/ScanIteration
instanceKlass org/springframework/data/redis/core/ScanCursor
instanceKlass io/netty/util/ReferenceCountUtil
instanceKlass org/springframework/data/redis/connection/ValueEncoding
instanceKlass io/lettuce/core/ConnectionEvents$PingBeforeActivate
instanceKlass io/lettuce/core/ConnectionEvents$Reset
instanceKlass org/springframework/data/redis/connection/lettuce/LettuceKeyCommands
instanceKlass io/lettuce/core/RedisChannelHandler$$Lambda$745
instanceKlass io/lettuce/core/CloseEvents$CloseListener
instanceKlass io/lettuce/core/ConnectionEvents$Activated
instanceKlass io/lettuce/core/protocol/CommandHandler$$Lambda$744
instanceKlass io/lettuce/core/protocol/ChannelLogDescriptor
instanceKlass io/lettuce/core/protocol/DefaultEndpoint$$Lambda$743
instanceKlass io/lettuce/core/protocol/SharedLock$$Lambda$742
instanceKlass io/lettuce/core/protocol/DefaultEndpoint$$Lambda$741
instanceKlass io/lettuce/core/event/connection/ConnectionEventSupport
instanceKlass io/lettuce/core/event/connection/ConnectionEvent
instanceKlass io/lettuce/core/ConnectionId
instanceKlass io/lettuce/core/AbstractRedisClient$$Lambda$740
instanceKlass io/netty/channel/nio/AbstractNioChannel$AbstractNioUnsafe$2
instanceKlass io/netty/channel/nio/AbstractNioChannel$AbstractNioUnsafe$1
instanceKlass io/netty/util/internal/SocketUtils$3
instanceKlass io/netty/bootstrap/Bootstrap$3
instanceKlass io/netty/resolver/InetSocketAddressResolver$1
instanceKlass io/netty/util/internal/SocketUtils$8
instanceKlass io/netty/util/concurrent/GenericProgressiveFutureListener
instanceKlass io/netty/resolver/AddressResolverGroup$1
instanceKlass io/netty/resolver/AbstractAddressResolver
instanceKlass io/netty/resolver/AddressResolver
instanceKlass io/netty/resolver/SimpleNameResolver
instanceKlass io/netty/resolver/NameResolver
instanceKlass io/lettuce/core/protocol/ReconnectionHandler
instanceKlass io/lettuce/core/protocol/ConnectionWatchdog$$Lambda$739
instanceKlass io/lettuce/core/protocol/ConnectionWatchdog$$Lambda$738
instanceKlass io/lettuce/core/protocol/CommandHandler$BackpressureSource
instanceKlass io/netty/buffer/AbstractByteBufAllocator$1
instanceKlass io/netty/buffer/PoolChunk
instanceKlass io/netty/buffer/PoolChunkMetric
instanceKlass io/netty/util/Recycler$DefaultHandle
instanceKlass io/netty/util/Recycler$Stack
instanceKlass io/netty/buffer/PooledUnsafeDirectByteBuf$1
instanceKlass io/netty/util/internal/ReferenceCountUpdater
instanceKlass io/netty/util/internal/MathUtil
instanceKlass io/netty/util/Recycler$1
instanceKlass io/netty/util/Recycler$Handle
instanceKlass io/netty/util/internal/ObjectPool$Handle
instanceKlass io/netty/util/Recycler
instanceKlass io/netty/util/internal/ObjectPool
instanceKlass io/netty/buffer/PoolThreadCache$MemoryRegionCache$1
instanceKlass io/netty/util/internal/ObjectPool$ObjectCreator
instanceKlass io/netty/buffer/PoolThreadCache$MemoryRegionCache
instanceKlass io/netty/buffer/PoolThreadCache
instanceKlass io/lettuce/core/protocol/RedisStateMachine$LongProcessor
instanceKlass io/lettuce/core/protocol/RedisStateMachine$State
instanceKlass io/lettuce/core/protocol/RedisStateMachine
instanceKlass io/lettuce/core/internal/LettuceSets
instanceKlass io/lettuce/core/protocol/DemandAware$Source
instanceKlass java/util/concurrent/ForkJoinPool$ManagedBlocker
instanceKlass io/lettuce/core/RedisClient$$Lambda$737
instanceKlass io/lettuce/core/RedisClient$$Lambda$736
instanceKlass io/lettuce/core/AbstractRedisClient$$Lambda$735
instanceKlass java/lang/invoke/LambdaForm$MH
instanceKlass io/lettuce/core/AbstractRedisClient$$Lambda$734
instanceKlass java/lang/invoke/LambdaForm$DMH
instanceKlass io/lettuce/core/event/Event
instanceKlass io/lettuce/core/AbstractRedisClient$$Lambda$733
instanceKlass io/netty/bootstrap/Bootstrap$1
instanceKlass io/netty/channel/nio/AbstractNioByteChannel$1
instanceKlass io/netty/channel/FileRegion
instanceKlass io/lettuce/core/ConnectionBuilder$$Lambda$732
instanceKlass reactor/core/publisher/Operators$CancelledSubscription
instanceKlass reactor/core/publisher/Operators$MonoSubscriber
instanceKlass io/lettuce/core/RedisClient$$Lambda$731
instanceKlass reactor/core/publisher/FluxPeekFuseable$PeekConditionalSubscriber
instanceKlass reactor/core/publisher/MonoPeekTerminal$MonoTerminalPeekSubscriber
instanceKlass reactor/core/publisher/FluxPeekFuseable$PeekFuseableSubscriber
